WARNING:TeleBot:polling: none_stop parameter is deprecated. Use non_stop instead.
INFO:TeleBot:Started polling.
DEBUG:TeleBot:Received task
DEBUG:TeleBot:Request: method=get url=https://api.telegram.org/bot5584744986:{TOKEN}/getUpdates params={'offset': 1, 'timeout': 20, 'long_polling_timeout': 20} files=None
DEBUG:urllib3.connectionpool:Starting new HTTPS connection (1): api.telegram.org:443
DEBUG:urllib3.connectionpool:https://api.telegram.org:443 "GET /bot5584744986:AAEcjGlC0jlJJzzoN0LYZbMts3s1g8s3BuM/getUpdates?offset=1&timeout=20 HTTP/1.1" 200 292
DEBUG:TeleBot:The server returned: 'b'{"ok":true,"result":[{"update_id":264199750,\n"message":{"message_id":4657,"from":{"id":520799278,"is_bot":false,"first_name":"GB","username":"geba7","language_code":"ru"},"chat":{"id":520799278,"first_name":"GB","username":"geba7","type":"private"},"date":1655041208,"text":"back_to_user"}}]}''
DEBUG:TeleBot:Received 1 new updates
DEBUG:TeleBot:Task complete
DEBUG:TeleBot:Received task
DEBUG:TeleBot:Received task
DEBUG:TeleBot:Request: method=post url=https://api.telegram.org/bot5584744986:{TOKEN}/sendMessage params={'chat_id': '520799278', 'text': '<b>Привет GB! Сегодня воскресенье 😣</b>\nЯ буду тебя развлекать, когда тебе одиноко😏', 'reply_markup': '{"keyboard": [[{"text": "\\u0423\\u0437\\u043d\\u0430\\u0442\\u044c \\u0413\\u043e\\u0448\\u0443 \\u043b\\u0443\\u0447\\u0448\\u0435"}, {"text": "\\u0417\\u0430\\u0433\\u0430\\u0434\\u043a\\u0438 \\u043e\\u0442 \\u0413\\u043e\\u0448\\u0438"}], [{"text": "\\u0423\\u0437\\u043d\\u0430\\u0442\\u044c \\u043f\\u043e\\u0433\\u043e\\u0434\\u0443 \\u0443 \\u0413\\u043e\\u0448\\u0438"}, {"text": "\\u0417\\u0430\\u0431\\u0430\\u0448\\u043b\\u044f\\u0442\\u044c \\u0413\\u043e\\u0448\\u0435"}]]}', 'parse_mode': 'html'} files=None
DEBUG:TeleBot:Request: method=get url=https://api.telegram.org/bot5584744986:{TOKEN}/getUpdates params={'offset': 264199751, 'timeout': 20, 'long_polling_timeout': 20} files=None
DEBUG:urllib3.connectionpool:Starting new HTTPS connection (1): api.telegram.org:443
DEBUG:urllib3.connectionpool:https://api.telegram.org:443 "POST /bot5584744986:AAEcjGlC0jlJJzzoN0LYZbMts3s1g8s3BuM/sendMessage?chat_id=520799278&text=%3Cb%3E%D0%9F%D1%80%D0%B8%D0%B2%D0%B5%D1%82+GB%21+%D0%A1%D0%B5%D0%B3%D0%BE%D0%B4%D0%BD%D1%8F+%D0%B2%D0%BE%D1%81%D0%BA%D1%80%D0%B5%D1%81%D0%B5%D0%BD%D1%8C%D0%B5+%F0%9F%98%A3%3C%2Fb%3E%0A%D0%AF+%D0%B1%D1%83%D0%B4%D1%83+%D1%82%D0%B5%D0%B1%D1%8F+%D1%80%D0%B0%D0%B7%D0%B2%D0%BB%D0%B5%D0%BA%D0%B0%D1%82%D1%8C%2C+%D0%BA%D0%BE%D0%B3%D0%B4%D0%B0+%D1%82%D0%B5%D0%B1%D0%B5+%D0%BE%D0%B4%D0%B8%D0%BD%D0%BE%D0%BA%D0%BE%F0%9F%98%8F&reply_markup=%7B%22keyboard%22%3A+%5B%5B%7B%22text%22%3A+%22%5Cu0423%5Cu0437%5Cu043d%5Cu0430%5Cu0442%5Cu044c+%5Cu0413%5Cu043e%5Cu0448%5Cu0443+%5Cu043b%5Cu0443%5Cu0447%5Cu0448%5Cu0435%22%7D%2C+%7B%22text%22%3A+%22%5Cu0417%5Cu0430%5Cu0433%5Cu0430%5Cu0434%5Cu043a%5Cu0438+%5Cu043e%5Cu0442+%5Cu0413%5Cu043e%5Cu0448%5Cu0438%22%7D%5D%2C+%5B%7B%22text%22%3A+%22%5Cu0423%5Cu0437%5Cu043d%5Cu0430%5Cu0442%5Cu044c+%5Cu043f%5Cu043e%5Cu0433%5Cu043e%5Cu0434%5Cu0443+%5Cu0443+%5Cu0413%5Cu043e%5Cu0448%5Cu0438%22%7D%2C+%7B%22text%22%3A+%22%5Cu0417%5Cu0430%5Cu0431%5Cu0430%5Cu0448%5Cu043b%5Cu044f%5Cu0442%5Cu044c+%5Cu0413%5Cu043e%5Cu0448%5Cu0435%22%7D%5D%5D%7D&parse_mode=html HTTP/1.1" 200 683
DEBUG:TeleBot:The server returned: 'b'{"ok":true,"result":{"message_id":4658,"from":{"id":5584744986,"is_bot":true,"first_name":"Gosha","username":"replace_gosha_bot"},"chat":{"id":520799278,"first_name":"GB","username":"geba7","type":"private"},"date":1655041795,"text":"\\u041f\\u0440\\u0438\\u0432\\u0435\\u0442 GB! \\u0421\\u0435\\u0433\\u043e\\u0434\\u043d\\u044f \\u0432\\u043e\\u0441\\u043a\\u0440\\u0435\\u0441\\u0435\\u043d\\u044c\\u0435 \\ud83d\\ude23\\n\\u042f \\u0431\\u0443\\u0434\\u0443 \\u0442\\u0435\\u0431\\u044f \\u0440\\u0430\\u0437\\u0432\\u043b\\u0435\\u043a\\u0430\\u0442\\u044c, \\u043a\\u043e\\u0433\\u0434\\u0430 \\u0442\\u0435\\u0431\\u0435 \\u043e\\u0434\\u0438\\u043d\\u043e\\u043a\\u043e\\ud83d\\ude0f","entities":[{"offset":0,"length":33,"type":"bold"}]}}''
DEBUG:TeleBot:Request: method=post url=https://api.telegram.org/bot5584744986:{TOKEN}/sendMessage params={'chat_id': '520799278', 'text': 'Login is Allowed in the Admin Panel', 'reply_markup': '{"keyboard": [[{"text": "\\u0423\\u0437\\u043d\\u0430\\u0442\\u044c \\u0413\\u043e\\u0448\\u0443 \\u043b\\u0443\\u0447\\u0448\\u0435"}, {"text": "\\u0417\\u0430\\u0433\\u0430\\u0434\\u043a\\u0438 \\u043e\\u0442 \\u0413\\u043e\\u0448\\u0438"}], [{"text": "\\u0423\\u0437\\u043d\\u0430\\u0442\\u044c \\u043f\\u043e\\u0433\\u043e\\u0434\\u0443 \\u0443 \\u0413\\u043e\\u0448\\u0438"}, {"text": "\\u0417\\u0430\\u0431\\u0430\\u0448\\u043b\\u044f\\u0442\\u044c \\u0413\\u043e\\u0448\\u0435"}], [{"text": "admin_panel"}]]}'} files=None
DEBUG:urllib3.connectionpool:https://api.telegram.org:443 "POST /bot5584744986:AAEcjGlC0jlJJzzoN0LYZbMts3s1g8s3BuM/sendMessage?chat_id=520799278&text=Login+is+Allowed+in+the+Admin+Panel&reply_markup=%7B%22keyboard%22%3A+%5B%5B%7B%22text%22%3A+%22%5Cu0423%5Cu0437%5Cu043d%5Cu0430%5Cu0442%5Cu044c+%5Cu0413%5Cu043e%5Cu0448%5Cu0443+%5Cu043b%5Cu0443%5Cu0447%5Cu0448%5Cu0435%22%7D%2C+%7B%22text%22%3A+%22%5Cu0417%5Cu0430%5Cu0433%5Cu0430%5Cu0434%5Cu043a%5Cu0438+%5Cu043e%5Cu0442+%5Cu0413%5Cu043e%5Cu0448%5Cu0438%22%7D%5D%2C+%5B%7B%22text%22%3A+%22%5Cu0423%5Cu0437%5Cu043d%5Cu0430%5Cu0442%5Cu044c+%5Cu043f%5Cu043e%5Cu0433%5Cu043e%5Cu0434%5Cu0443+%5Cu0443+%5Cu0413%5Cu043e%5Cu0448%5Cu0438%22%7D%2C+%7B%22text%22%3A+%22%5Cu0417%5Cu0430%5Cu0431%5Cu0430%5Cu0448%5Cu043b%5Cu044f%5Cu0442%5Cu044c+%5Cu0413%5Cu043e%5Cu0448%5Cu0435%22%7D%5D%2C+%5B%7B%22text%22%3A+%22admin_panel%22%7D%5D%5D%7D HTTP/1.1" 200 272
DEBUG:TeleBot:The server returned: 'b'{"ok":true,"result":{"message_id":4659,"from":{"id":5584744986,"is_bot":true,"first_name":"Gosha","username":"replace_gosha_bot"},"chat":{"id":520799278,"first_name":"GB","username":"geba7","type":"private"},"date":1655041795,"text":"Login is Allowed in the Admin Panel"}}''
DEBUG:TeleBot:Task complete
DEBUG:urllib3.connectionpool:https://api.telegram.org:443 "GET /bot5584744986:AAEcjGlC0jlJJzzoN0LYZbMts3s1g8s3BuM/getUpdates?offset=264199751&timeout=20 HTTP/1.1" 200 291
DEBUG:TeleBot:The server returned: 'b'{"ok":true,"result":[{"update_id":264199751,\n"message":{"message_id":4660,"from":{"id":520799278,"is_bot":false,"first_name":"GB","username":"geba7","language_code":"ru"},"chat":{"id":520799278,"first_name":"GB","username":"geba7","type":"private"},"date":1655041801,"text":"admin_panel"}}]}''
DEBUG:TeleBot:Received 1 new updates
DEBUG:TeleBot:Task complete
DEBUG:TeleBot:Received task
DEBUG:TeleBot:Received task
DEBUG:TeleBot:Request: method=post url=https://api.telegram.org/bot5584744986:{TOKEN}/sendMessage params={'chat_id': '520799278', 'text': 'Приветствую хозяин GB!', 'reply_markup': '{"keyboard": [[{"text": "admin_panel"}], [{"text": "read_logs"}], [{"text": "clear_logs"}], [{"text": "back_to_user"}]]}'} files=None
DEBUG:TeleBot:Request: method=get url=https://api.telegram.org/bot5584744986:{TOKEN}/getUpdates params={'offset': 264199752, 'timeout': 20, 'long_polling_timeout': 20} files=None
DEBUG:urllib3.connectionpool:Starting new HTTPS connection (1): api.telegram.org:443
DEBUG:urllib3.connectionpool:https://api.telegram.org:443 "POST /bot5584744986:AAEcjGlC0jlJJzzoN0LYZbMts3s1g8s3BuM/sendMessage?chat_id=520799278&text=%D0%9F%D1%80%D0%B8%D0%B2%D0%B5%D1%82%D1%81%D1%82%D0%B2%D1%83%D1%8E+%D1%85%D0%BE%D0%B7%D1%8F%D0%B8%D0%BD+GB%21&reply_markup=%7B%22keyboard%22%3A+%5B%5B%7B%22text%22%3A+%22admin_panel%22%7D%5D%2C+%5B%7B%22text%22%3A+%22read_logs%22%7D%5D%2C+%5B%7B%22text%22%3A+%22clear_logs%22%7D%5D%2C+%5B%7B%22text%22%3A+%22back_to_user%22%7D%5D%5D%7D HTTP/1.1" 200 344
DEBUG:TeleBot:The server returned: 'b'{"ok":true,"result":{"message_id":4661,"from":{"id":5584744986,"is_bot":true,"first_name":"Gosha","username":"replace_gosha_bot"},"chat":{"id":520799278,"first_name":"GB","username":"geba7","type":"private"},"date":1655041801,"text":"\\u041f\\u0440\\u0438\\u0432\\u0435\\u0442\\u0441\\u0442\\u0432\\u0443\\u044e \\u0445\\u043e\\u0437\\u044f\\u0438\\u043d GB!"}}''
DEBUG:TeleBot:Task complete
DEBUG:urllib3.connectionpool:https://api.telegram.org:443 "GET /bot5584744986:AAEcjGlC0jlJJzzoN0LYZbMts3s1g8s3BuM/getUpdates?offset=264199752&timeout=20 HTTP/1.1" 200 292
DEBUG:TeleBot:The server returned: 'b'{"ok":true,"result":[{"update_id":264199752,\n"message":{"message_id":4662,"from":{"id":520799278,"is_bot":false,"first_name":"GB","username":"geba7","language_code":"ru"},"chat":{"id":520799278,"first_name":"GB","username":"geba7","type":"private"},"date":1655041803,"text":"back_to_user"}}]}''
DEBUG:TeleBot:Received 1 new updates
DEBUG:TeleBot:Task complete
DEBUG:TeleBot:Received task
DEBUG:TeleBot:Request: method=get url=https://api.telegram.org/bot5584744986:{TOKEN}/getUpdates params={'offset': 264199753, 'timeout': 20, 'long_polling_timeout': 20} files=None
DEBUG:TeleBot:Received task
DEBUG:TeleBot:Request: method=post url=https://api.telegram.org/bot5584744986:{TOKEN}/sendMessage params={'chat_id': '520799278', 'text': '<b>Привет GB! Сегодня воскресенье 😣</b>\nЯ буду тебя развлекать, когда тебе одиноко😏', 'reply_markup': '{"keyboard": [[{"text": "\\u0423\\u0437\\u043d\\u0430\\u0442\\u044c \\u0413\\u043e\\u0448\\u0443 \\u043b\\u0443\\u0447\\u0448\\u0435"}, {"text": "\\u0417\\u0430\\u0433\\u0430\\u0434\\u043a\\u0438 \\u043e\\u0442 \\u0413\\u043e\\u0448\\u0438"}], [{"text": "\\u0423\\u0437\\u043d\\u0430\\u0442\\u044c \\u043f\\u043e\\u0433\\u043e\\u0434\\u0443 \\u0443 \\u0413\\u043e\\u0448\\u0438"}, {"text": "\\u0417\\u0430\\u0431\\u0430\\u0448\\u043b\\u044f\\u0442\\u044c \\u0413\\u043e\\u0448\\u0435"}]]}', 'parse_mode': 'html'} files=None
DEBUG:urllib3.connectionpool:https://api.telegram.org:443 "POST /bot5584744986:AAEcjGlC0jlJJzzoN0LYZbMts3s1g8s3BuM/sendMessage?chat_id=520799278&text=%3Cb%3E%D0%9F%D1%80%D0%B8%D0%B2%D0%B5%D1%82+GB%21+%D0%A1%D0%B5%D0%B3%D0%BE%D0%B4%D0%BD%D1%8F+%D0%B2%D0%BE%D1%81%D0%BA%D1%80%D0%B5%D1%81%D0%B5%D0%BD%D1%8C%D0%B5+%F0%9F%98%A3%3C%2Fb%3E%0A%D0%AF+%D0%B1%D1%83%D0%B4%D1%83+%D1%82%D0%B5%D0%B1%D1%8F+%D1%80%D0%B0%D0%B7%D0%B2%D0%BB%D0%B5%D0%BA%D0%B0%D1%82%D1%8C%2C+%D0%BA%D0%BE%D0%B3%D0%B4%D0%B0+%D1%82%D0%B5%D0%B1%D0%B5+%D0%BE%D0%B4%D0%B8%D0%BD%D0%BE%D0%BA%D0%BE%F0%9F%98%8F&reply_markup=%7B%22keyboard%22%3A+%5B%5B%7B%22text%22%3A+%22%5Cu0423%5Cu0437%5Cu043d%5Cu0430%5Cu0442%5Cu044c+%5Cu0413%5Cu043e%5Cu0448%5Cu0443+%5Cu043b%5Cu0443%5Cu0447%5Cu0448%5Cu0435%22%7D%2C+%7B%22text%22%3A+%22%5Cu0417%5Cu0430%5Cu0433%5Cu0430%5Cu0434%5Cu043a%5Cu0438+%5Cu043e%5Cu0442+%5Cu0413%5Cu043e%5Cu0448%5Cu0438%22%7D%5D%2C+%5B%7B%22text%22%3A+%22%5Cu0423%5Cu0437%5Cu043d%5Cu0430%5Cu0442%5Cu044c+%5Cu043f%5Cu043e%5Cu0433%5Cu043e%5Cu0434%5Cu0443+%5Cu0443+%5Cu0413%5Cu043e%5Cu0448%5Cu0438%22%7D%2C+%7B%22text%22%3A+%22%5Cu0417%5Cu0430%5Cu0431%5Cu0430%5Cu0448%5Cu043b%5Cu044f%5Cu0442%5Cu044c+%5Cu0413%5Cu043e%5Cu0448%5Cu0435%22%7D%5D%5D%7D&parse_mode=html HTTP/1.1" 200 683
DEBUG:TeleBot:The server returned: 'b'{"ok":true,"result":{"message_id":4663,"from":{"id":5584744986,"is_bot":true,"first_name":"Gosha","username":"replace_gosha_bot"},"chat":{"id":520799278,"first_name":"GB","username":"geba7","type":"private"},"date":1655041803,"text":"\\u041f\\u0440\\u0438\\u0432\\u0435\\u0442 GB! \\u0421\\u0435\\u0433\\u043e\\u0434\\u043d\\u044f \\u0432\\u043e\\u0441\\u043a\\u0440\\u0435\\u0441\\u0435\\u043d\\u044c\\u0435 \\ud83d\\ude23\\n\\u042f \\u0431\\u0443\\u0434\\u0443 \\u0442\\u0435\\u0431\\u044f \\u0440\\u0430\\u0437\\u0432\\u043b\\u0435\\u043a\\u0430\\u0442\\u044c, \\u043a\\u043e\\u0433\\u0434\\u0430 \\u0442\\u0435\\u0431\\u0435 \\u043e\\u0434\\u0438\\u043d\\u043e\\u043a\\u043e\\ud83d\\ude0f","entities":[{"offset":0,"length":33,"type":"bold"}]}}''
DEBUG:TeleBot:Request: method=post url=https://api.telegram.org/bot5584744986:{TOKEN}/sendMessage params={'chat_id': '520799278', 'text': 'Login is Allowed in the Admin Panel', 'reply_markup': '{"keyboard": [[{"text": "\\u0423\\u0437\\u043d\\u0430\\u0442\\u044c \\u0413\\u043e\\u0448\\u0443 \\u043b\\u0443\\u0447\\u0448\\u0435"}, {"text": "\\u0417\\u0430\\u0433\\u0430\\u0434\\u043a\\u0438 \\u043e\\u0442 \\u0413\\u043e\\u0448\\u0438"}], [{"text": "\\u0423\\u0437\\u043d\\u0430\\u0442\\u044c \\u043f\\u043e\\u0433\\u043e\\u0434\\u0443 \\u0443 \\u0413\\u043e\\u0448\\u0438"}, {"text": "\\u0417\\u0430\\u0431\\u0430\\u0448\\u043b\\u044f\\u0442\\u044c \\u0413\\u043e\\u0448\\u0435"}], [{"text": "admin_panel"}]]}'} files=None
DEBUG:urllib3.connectionpool:https://api.telegram.org:443 "POST /bot5584744986:AAEcjGlC0jlJJzzoN0LYZbMts3s1g8s3BuM/sendMessage?chat_id=520799278&text=Login+is+Allowed+in+the+Admin+Panel&reply_markup=%7B%22keyboard%22%3A+%5B%5B%7B%22text%22%3A+%22%5Cu0423%5Cu0437%5Cu043d%5Cu0430%5Cu0442%5Cu044c+%5Cu0413%5Cu043e%5Cu0448%5Cu0443+%5Cu043b%5Cu0443%5Cu0447%5Cu0448%5Cu0435%22%7D%2C+%7B%22text%22%3A+%22%5Cu0417%5Cu0430%5Cu0433%5Cu0430%5Cu0434%5Cu043a%5Cu0438+%5Cu043e%5Cu0442+%5Cu0413%5Cu043e%5Cu0448%5Cu0438%22%7D%5D%2C+%5B%7B%22text%22%3A+%22%5Cu0423%5Cu0437%5Cu043d%5Cu0430%5Cu0442%5Cu044c+%5Cu043f%5Cu043e%5Cu0433%5Cu043e%5Cu0434%5Cu0443+%5Cu0443+%5Cu0413%5Cu043e%5Cu0448%5Cu0438%22%7D%2C+%7B%22text%22%3A+%22%5Cu0417%5Cu0430%5Cu0431%5Cu0430%5Cu0448%5Cu043b%5Cu044f%5Cu0442%5Cu044c+%5Cu0413%5Cu043e%5Cu0448%5Cu0435%22%7D%5D%2C+%5B%7B%22text%22%3A+%22admin_panel%22%7D%5D%5D%7D HTTP/1.1" 200 272
DEBUG:TeleBot:The server returned: 'b'{"ok":true,"result":{"message_id":4664,"from":{"id":5584744986,"is_bot":true,"first_name":"Gosha","username":"replace_gosha_bot"},"chat":{"id":520799278,"first_name":"GB","username":"geba7","type":"private"},"date":1655041803,"text":"Login is Allowed in the Admin Panel"}}''
DEBUG:TeleBot:Task complete
DEBUG:urllib3.connectionpool:https://api.telegram.org:443 "GET /bot5584744986:AAEcjGlC0jlJJzzoN0LYZbMts3s1g8s3BuM/getUpdates?offset=264199753&timeout=20 HTTP/1.1" 200 372
DEBUG:TeleBot:The server returned: 'b'{"ok":true,"result":[{"update_id":264199753,\n"message":{"message_id":4665,"from":{"id":520799278,"is_bot":false,"first_name":"GB","username":"geba7","language_code":"ru"},"chat":{"id":520799278,"first_name":"GB","username":"geba7","type":"private"},"date":1655041804,"text":"\\u0423\\u0437\\u043d\\u0430\\u0442\\u044c \\u0413\\u043e\\u0448\\u0443 \\u043b\\u0443\\u0447\\u0448\\u0435"}}]}''
DEBUG:TeleBot:Received 1 new updates
DEBUG:TeleBot:Task complete
DEBUG:TeleBot:Received task
DEBUG:TeleBot:Received task
DEBUG:TeleBot:Request: method=post url=https://api.telegram.org/bot5584744986:{TOKEN}/sendMessage params={'chat_id': '520799278', 'text': 'Вопрос №3\nЧто больше всего по-кайфу делать Гоше?\n\n1. Наяривать\n2. Кушать\n3. Гулять', 'reply_markup': '{"keyboard": [[{"text": "\\u041d\\u0430\\u044f\\u0440\\u0438\\u0432\\u0430\\u0442\\u044c"}], [{"text": "\\u041a\\u0443\\u0448\\u0430\\u0442\\u044c"}], [{"text": "\\u0413\\u0443\\u043b\\u044f\\u0442\\u044c"}], [{"text": "\\u0412\\u0435\\u0440\\u043d\\u0443\\u0442\\u044c\\u0441\\u044f"}]]}'} files=None
DEBUG:TeleBot:Request: method=get url=https://api.telegram.org/bot5584744986:{TOKEN}/getUpdates params={'offset': 264199754, 'timeout': 20, 'long_polling_timeout': 20} files=None
DEBUG:urllib3.connectionpool:https://api.telegram.org:443 "POST /bot5584744986:AAEcjGlC0jlJJzzoN0LYZbMts3s1g8s3BuM/sendMessage?chat_id=520799278&text=%D0%92%D0%BE%D0%BF%D1%80%D0%BE%D1%81+%E2%84%963%0A%D0%A7%D1%82%D0%BE+%D0%B1%D0%BE%D0%BB%D1%8C%D1%88%D0%B5+%D0%B2%D1%81%D0%B5%D0%B3%D0%BE+%D0%BF%D0%BE-%D0%BA%D0%B0%D0%B9%D1%84%D1%83+%D0%B4%D0%B5%D0%BB%D0%B0%D1%82%D1%8C+%D0%93%D0%BE%D1%88%D0%B5%3F%0A%0A1.+%D0%9D%D0%B0%D1%8F%D1%80%D0%B8%D0%B2%D0%B0%D1%82%D1%8C%0A2.+%D0%9A%D1%83%D1%88%D0%B0%D1%82%D1%8C%0A3.+%D0%93%D1%83%D0%BB%D1%8F%D1%82%D1%8C&reply_markup=%7B%22keyboard%22%3A+%5B%5B%7B%22text%22%3A+%22%5Cu041d%5Cu0430%5Cu044f%5Cu0440%5Cu0438%5Cu0432%5Cu0430%5Cu0442%5Cu044c%22%7D%5D%2C+%5B%7B%22text%22%3A+%22%5Cu041a%5Cu0443%5Cu0448%5Cu0430%5Cu0442%5Cu044c%22%7D%5D%2C+%5B%7B%22text%22%3A+%22%5Cu0413%5Cu0443%5Cu043b%5Cu044f%5Cu0442%5Cu044c%22%7D%5D%2C+%5B%7B%22text%22%3A+%22%5Cu0412%5Cu0435%5Cu0440%5Cu043d%5Cu0443%5Cu0442%5Cu044c%5Cu0441%5Cu044f%22%7D%5D%5D%7D HTTP/1.1" 200 619
DEBUG:TeleBot:The server returned: 'b'{"ok":true,"result":{"message_id":4666,"from":{"id":5584744986,"is_bot":true,"first_name":"Gosha","username":"replace_gosha_bot"},"chat":{"id":520799278,"first_name":"GB","username":"geba7","type":"private"},"date":1655041804,"text":"\\u0412\\u043e\\u043f\\u0440\\u043e\\u0441 \\u21163\\n\\u0427\\u0442\\u043e \\u0431\\u043e\\u043b\\u044c\\u0448\\u0435 \\u0432\\u0441\\u0435\\u0433\\u043e \\u043f\\u043e-\\u043a\\u0430\\u0439\\u0444\\u0443 \\u0434\\u0435\\u043b\\u0430\\u0442\\u044c \\u0413\\u043e\\u0448\\u0435?\\n\\n1. \\u041d\\u0430\\u044f\\u0440\\u0438\\u0432\\u0430\\u0442\\u044c\\n2. \\u041a\\u0443\\u0448\\u0430\\u0442\\u044c\\n3. \\u0413\\u0443\\u043b\\u044f\\u0442\\u044c"}}''
DEBUG:TeleBot:Task complete
DEBUG:urllib3.connectionpool:https://api.telegram.org:443 "GET /bot5584744986:AAEcjGlC0jlJJzzoN0LYZbMts3s1g8s3BuM/getUpdates?offset=264199754&timeout=20 HTTP/1.1" 200 334
DEBUG:TeleBot:The server returned: 'b'{"ok":true,"result":[{"update_id":264199754,\n"message":{"message_id":4667,"from":{"id":520799278,"is_bot":false,"first_name":"GB","username":"geba7","language_code":"ru"},"chat":{"id":520799278,"first_name":"GB","username":"geba7","type":"private"},"date":1655041805,"text":"\\u0412\\u0435\\u0440\\u043d\\u0443\\u0442\\u044c\\u0441\\u044f"}}]}''
DEBUG:TeleBot:Received 1 new updates
DEBUG:TeleBot:Task complete
DEBUG:TeleBot:Received task
DEBUG:TeleBot:Received task
DEBUG:TeleBot:Request: method=post url=https://api.telegram.org/bot5584744986:{TOKEN}/sendMessage params={'chat_id': '520799278', 'text': '<b>Привет GB! Сегодня воскресенье 😣</b>\nЯ буду тебя развлекать, когда тебе одиноко😏', 'reply_markup': '{"keyboard": [[{"text": "\\u0423\\u0437\\u043d\\u0430\\u0442\\u044c \\u0413\\u043e\\u0448\\u0443 \\u043b\\u0443\\u0447\\u0448\\u0435"}, {"text": "\\u0417\\u0430\\u0433\\u0430\\u0434\\u043a\\u0438 \\u043e\\u0442 \\u0413\\u043e\\u0448\\u0438"}], [{"text": "\\u0423\\u0437\\u043d\\u0430\\u0442\\u044c \\u043f\\u043e\\u0433\\u043e\\u0434\\u0443 \\u0443 \\u0413\\u043e\\u0448\\u0438"}, {"text": "\\u0417\\u0430\\u0431\\u0430\\u0448\\u043b\\u044f\\u0442\\u044c \\u0413\\u043e\\u0448\\u0435"}]]}', 'parse_mode': 'html'} files=None
DEBUG:TeleBot:Request: method=get url=https://api.telegram.org/bot5584744986:{TOKEN}/getUpdates params={'offset': 264199755, 'timeout': 20, 'long_polling_timeout': 20} files=None
DEBUG:urllib3.connectionpool:https://api.telegram.org:443 "POST /bot5584744986:AAEcjGlC0jlJJzzoN0LYZbMts3s1g8s3BuM/sendMessage?chat_id=520799278&text=%3Cb%3E%D0%9F%D1%80%D0%B8%D0%B2%D0%B5%D1%82+GB%21+%D0%A1%D0%B5%D0%B3%D0%BE%D0%B4%D0%BD%D1%8F+%D0%B2%D0%BE%D1%81%D0%BA%D1%80%D0%B5%D1%81%D0%B5%D0%BD%D1%8C%D0%B5+%F0%9F%98%A3%3C%2Fb%3E%0A%D0%AF+%D0%B1%D1%83%D0%B4%D1%83+%D1%82%D0%B5%D0%B1%D1%8F+%D1%80%D0%B0%D0%B7%D0%B2%D0%BB%D0%B5%D0%BA%D0%B0%D1%82%D1%8C%2C+%D0%BA%D0%BE%D0%B3%D0%B4%D0%B0+%D1%82%D0%B5%D0%B1%D0%B5+%D0%BE%D0%B4%D0%B8%D0%BD%D0%BE%D0%BA%D0%BE%F0%9F%98%8F&reply_markup=%7B%22keyboard%22%3A+%5B%5B%7B%22text%22%3A+%22%5Cu0423%5Cu0437%5Cu043d%5Cu0430%5Cu0442%5Cu044c+%5Cu0413%5Cu043e%5Cu0448%5Cu0443+%5Cu043b%5Cu0443%5Cu0447%5Cu0448%5Cu0435%22%7D%2C+%7B%22text%22%3A+%22%5Cu0417%5Cu0430%5Cu0433%5Cu0430%5Cu0434%5Cu043a%5Cu0438+%5Cu043e%5Cu0442+%5Cu0413%5Cu043e%5Cu0448%5Cu0438%22%7D%5D%2C+%5B%7B%22text%22%3A+%22%5Cu0423%5Cu0437%5Cu043d%5Cu0430%5Cu0442%5Cu044c+%5Cu043f%5Cu043e%5Cu0433%5Cu043e%5Cu0434%5Cu0443+%5Cu0443+%5Cu0413%5Cu043e%5Cu0448%5Cu0438%22%7D%2C+%7B%22text%22%3A+%22%5Cu0417%5Cu0430%5Cu0431%5Cu0430%5Cu0448%5Cu043b%5Cu044f%5Cu0442%5Cu044c+%5Cu0413%5Cu043e%5Cu0448%5Cu0435%22%7D%5D%5D%7D&parse_mode=html HTTP/1.1" 200 683
DEBUG:TeleBot:The server returned: 'b'{"ok":true,"result":{"message_id":4668,"from":{"id":5584744986,"is_bot":true,"first_name":"Gosha","username":"replace_gosha_bot"},"chat":{"id":520799278,"first_name":"GB","username":"geba7","type":"private"},"date":1655041805,"text":"\\u041f\\u0440\\u0438\\u0432\\u0435\\u0442 GB! \\u0421\\u0435\\u0433\\u043e\\u0434\\u043d\\u044f \\u0432\\u043e\\u0441\\u043a\\u0440\\u0435\\u0441\\u0435\\u043d\\u044c\\u0435 \\ud83d\\ude23\\n\\u042f \\u0431\\u0443\\u0434\\u0443 \\u0442\\u0435\\u0431\\u044f \\u0440\\u0430\\u0437\\u0432\\u043b\\u0435\\u043a\\u0430\\u0442\\u044c, \\u043a\\u043e\\u0433\\u0434\\u0430 \\u0442\\u0435\\u0431\\u0435 \\u043e\\u0434\\u0438\\u043d\\u043e\\u043a\\u043e\\ud83d\\ude0f","entities":[{"offset":0,"length":33,"type":"bold"}]}}''
DEBUG:TeleBot:Request: method=post url=https://api.telegram.org/bot5584744986:{TOKEN}/sendMessage params={'chat_id': '520799278', 'text': 'Login is Allowed in the Admin Panel', 'reply_markup': '{"keyboard": [[{"text": "\\u0423\\u0437\\u043d\\u0430\\u0442\\u044c \\u0413\\u043e\\u0448\\u0443 \\u043b\\u0443\\u0447\\u0448\\u0435"}, {"text": "\\u0417\\u0430\\u0433\\u0430\\u0434\\u043a\\u0438 \\u043e\\u0442 \\u0413\\u043e\\u0448\\u0438"}], [{"text": "\\u0423\\u0437\\u043d\\u0430\\u0442\\u044c \\u043f\\u043e\\u0433\\u043e\\u0434\\u0443 \\u0443 \\u0413\\u043e\\u0448\\u0438"}, {"text": "\\u0417\\u0430\\u0431\\u0430\\u0448\\u043b\\u044f\\u0442\\u044c \\u0413\\u043e\\u0448\\u0435"}], [{"text": "admin_panel"}]]}'} files=None
DEBUG:urllib3.connectionpool:https://api.telegram.org:443 "POST /bot5584744986:AAEcjGlC0jlJJzzoN0LYZbMts3s1g8s3BuM/sendMessage?chat_id=520799278&text=Login+is+Allowed+in+the+Admin+Panel&reply_markup=%7B%22keyboard%22%3A+%5B%5B%7B%22text%22%3A+%22%5Cu0423%5Cu0437%5Cu043d%5Cu0430%5Cu0442%5Cu044c+%5Cu0413%5Cu043e%5Cu0448%5Cu0443+%5Cu043b%5Cu0443%5Cu0447%5Cu0448%5Cu0435%22%7D%2C+%7B%22text%22%3A+%22%5Cu0417%5Cu0430%5Cu0433%5Cu0430%5Cu0434%5Cu043a%5Cu0438+%5Cu043e%5Cu0442+%5Cu0413%5Cu043e%5Cu0448%5Cu0438%22%7D%5D%2C+%5B%7B%22text%22%3A+%22%5Cu0423%5Cu0437%5Cu043d%5Cu0430%5Cu0442%5Cu044c+%5Cu043f%5Cu043e%5Cu0433%5Cu043e%5Cu0434%5Cu0443+%5Cu0443+%5Cu0413%5Cu043e%5Cu0448%5Cu0438%22%7D%2C+%7B%22text%22%3A+%22%5Cu0417%5Cu0430%5Cu0431%5Cu0430%5Cu0448%5Cu043b%5Cu044f%5Cu0442%5Cu044c+%5Cu0413%5Cu043e%5Cu0448%5Cu0435%22%7D%5D%2C+%5B%7B%22text%22%3A+%22admin_panel%22%7D%5D%5D%7D HTTP/1.1" 200 272
DEBUG:TeleBot:The server returned: 'b'{"ok":true,"result":{"message_id":4669,"from":{"id":5584744986,"is_bot":true,"first_name":"Gosha","username":"replace_gosha_bot"},"chat":{"id":520799278,"first_name":"GB","username":"geba7","type":"private"},"date":1655041806,"text":"Login is Allowed in the Admin Panel"}}''
DEBUG:TeleBot:Task complete
DEBUG:urllib3.connectionpool:https://api.telegram.org:443 "GET /bot5584744986:AAEcjGlC0jlJJzzoN0LYZbMts3s1g8s3BuM/getUpdates?offset=264199755&timeout=20 HTTP/1.1" 200 385
DEBUG:TeleBot:The server returned: 'b'{"ok":true,"result":[{"update_id":264199755,\n"message":{"message_id":4670,"from":{"id":520799278,"is_bot":false,"first_name":"GB","username":"geba7","language_code":"ru"},"chat":{"id":520799278,"first_name":"GB","username":"geba7","type":"private"},"date":1655041809,"text":"\\u0423\\u0437\\u043d\\u0430\\u0442\\u044c \\u043f\\u043e\\u0433\\u043e\\u0434\\u0443 \\u0443 \\u0413\\u043e\\u0448\\u0438"}}]}''
DEBUG:TeleBot:Received 1 new updates
DEBUG:TeleBot:Task complete
DEBUG:TeleBot:Received task
DEBUG:TeleBot:Received task
DEBUG:urllib3.connectionpool:Starting new HTTP connection (1): api.openweathermap.org:80
DEBUG:TeleBot:Request: method=get url=https://api.telegram.org/bot5584744986:{TOKEN}/getUpdates params={'offset': 264199756, 'timeout': 20, 'long_polling_timeout': 20} files=None
DEBUG:urllib3.connectionpool:http://api.openweathermap.org:80 "GET /data/2.5/weather?q=Sochi&appid=fcd1495442bd7dcd9cab7ab52db192aa&units=metric&lang=ru HTTP/1.1" 200 517
DEBUG:TeleBot:Request: method=post url=https://api.telegram.org/bot5584744986:{TOKEN}/sendMessage params={'chat_id': '520799278', 'text': '🌅🌅🌅Погода в Сочи🌅🌅🌅\n\nПасмурно ☁\n\n🌡\nСейчас: 26°\nМинимум: 26°\nМаксимум: 27°\n\n☀️\nВосход: 04:39\nЗакат: 20:02\n\nКомментарий от Гоши: Погода бомба, газуй гулять'} files=None
DEBUG:urllib3.connectionpool:https://api.telegram.org:443 "POST /bot5584744986:AAEcjGlC0jlJJzzoN0LYZbMts3s1g8s3BuM/sendMessage?chat_id=520799278&text=%F0%9F%8C%85%F0%9F%8C%85%F0%9F%8C%85%D0%9F%D0%BE%D0%B3%D0%BE%D0%B4%D0%B0+%D0%B2+%D0%A1%D0%BE%D1%87%D0%B8%F0%9F%8C%85%F0%9F%8C%85%F0%9F%8C%85%0A%0A%D0%9F%D0%B0%D1%81%D0%BC%D1%83%D1%80%D0%BD%D0%BE+%E2%98%81%0A%0A%F0%9F%8C%A1%0A%D0%A1%D0%B5%D0%B9%D1%87%D0%B0%D1%81%3A+26%C2%B0%0A%D0%9C%D0%B8%D0%BD%D0%B8%D0%BC%D1%83%D0%BC%3A+26%C2%B0%0A%D0%9C%D0%B0%D0%BA%D1%81%D0%B8%D0%BC%D1%83%D0%BC%3A+27%C2%B0%0A%0A%E2%98%80%EF%B8%8F%0A%D0%92%D0%BE%D1%81%D1%85%D0%BE%D0%B4%3A+04%3A39%0A%D0%97%D0%B0%D0%BA%D0%B0%D1%82%3A+20%3A02%0A%0A%D0%9A%D0%BE%D0%BC%D0%BC%D0%B5%D0%BD%D1%82%D0%B0%D1%80%D0%B8%D0%B9+%D0%BE%D1%82+%D0%93%D0%BE%D1%88%D0%B8%3A+%D0%9F%D0%BE%D0%B3%D0%BE%D0%B4%D0%B0+%D0%B1%D0%BE%D0%BC%D0%B1%D0%B0%2C+%D0%B3%D0%B0%D0%B7%D1%83%D0%B9+%D0%B3%D1%83%D0%BB%D1%8F%D1%82%D1%8C HTTP/1.1" 200 960
DEBUG:TeleBot:The server returned: 'b'{"ok":true,"result":{"message_id":4671,"from":{"id":5584744986,"is_bot":true,"first_name":"Gosha","username":"replace_gosha_bot"},"chat":{"id":520799278,"first_name":"GB","username":"geba7","type":"private"},"date":1655041809,"text":"\\ud83c\\udf05\\ud83c\\udf05\\ud83c\\udf05\\u041f\\u043e\\u0433\\u043e\\u0434\\u0430 \\u0432 \\u0421\\u043e\\u0447\\u0438\\ud83c\\udf05\\ud83c\\udf05\\ud83c\\udf05\\n\\n\\u041f\\u0430\\u0441\\u043c\\u0443\\u0440\\u043d\\u043e \\u2601\\n\\n\\ud83c\\udf21\\n\\u0421\\u0435\\u0439\\u0447\\u0430\\u0441: 26\\u00b0\\n\\u041c\\u0438\\u043d\\u0438\\u043c\\u0443\\u043c: 26\\u00b0\\n\\u041c\\u0430\\u043a\\u0441\\u0438\\u043c\\u0443\\u043c: 27\\u00b0\\n\\n\\u2600\\ufe0f\\n\\u0412\\u043e\\u0441\\u0445\\u043e\\u0434: 04:39\\n\\u0417\\u0430\\u043a\\u0430\\u0442: 20:02\\n\\n\\u041a\\u043e\\u043c\\u043c\\u0435\\u043d\\u0442\\u0430\\u0440\\u0438\\u0439 \\u043e\\u0442 \\u0413\\u043e\\u0448\\u0438: \\u041f\\u043e\\u0433\\u043e\\u0434\\u0430 \\u0431\\u043e\\u043c\\u0431\\u0430, \\u0433\\u0430\\u0437\\u0443\\u0439 \\u0433\\u0443\\u043b\\u044f\\u0442\\u044c"}}''
DEBUG:TeleBot:Task complete
DEBUG:urllib3.connectionpool:https://api.telegram.org:443 "GET /bot5584744986:AAEcjGlC0jlJJzzoN0LYZbMts3s1g8s3BuM/getUpdates?offset=264199756&timeout=20 HTTP/1.1" 200 23
DEBUG:TeleBot:The server returned: 'b'{"ok":true,"result":[]}''
DEBUG:TeleBot:Received 0 new updates
DEBUG:TeleBot:Task complete
DEBUG:TeleBot:Received task
DEBUG:TeleBot:Request: method=get url=https://api.telegram.org/bot5584744986:{TOKEN}/getUpdates params={'offset': 264199756, 'timeout': 20, 'long_polling_timeout': 20} files=None
DEBUG:urllib3.connectionpool:https://api.telegram.org:443 "GET /bot5584744986:AAEcjGlC0jlJJzzoN0LYZbMts3s1g8s3BuM/getUpdates?offset=264199756&timeout=20 HTTP/1.1" 200 23
DEBUG:TeleBot:The server returned: 'b'{"ok":true,"result":[]}''
DEBUG:TeleBot:Received 0 new updates
DEBUG:TeleBot:Task complete
DEBUG:TeleBot:Received task
DEBUG:TeleBot:Request: method=get url=https://api.telegram.org/bot5584744986:{TOKEN}/getUpdates params={'offset': 264199756, 'timeout': 20, 'long_polling_timeout': 20} files=None
INFO:TeleBot:KeyboardInterrupt received.
INFO:TeleBot:Stopped polling.
